<?xml version="1.0" encoding="UTF-8"?>
<testsuite name="jsymbolic2.processing.AceToArffAndCsvTest" tests="4" skipped="0" failures="0" errors="0" timestamp="2025-02-18T17:04:55" hostname="MacBook-Pro-Aleksandr-5.local" time="0.079">
  <properties/>
  <testcase name="testConvertACEXMLtoARFF()" classname="jsymbolic2.processing.AceToArffAndCsvTest" time="0.017"/>
  <testcase name="testConvertARFFtoCSV()" classname="jsymbolic2.processing.AceToArffAndCsvTest" time="0.01"/>
  <testcase name="testOutputArffandCsvFormats()" classname="jsymbolic2.processing.AceToArffAndCsvTest" time="0.036"/>
  <testcase name="testConvertACEtoCSVwithARFF()" classname="jsymbolic2.processing.AceToArffAndCsvTest" time="0.016"/>
  <system-out><![CDATA[>>> Saving extracted features as a Weka ARFF file: src/test/java/jsymbolic2/processing/resources/feature_values.arff.

>>> Saving extracted features as a CSV file: src/test/java/jsymbolic2/processing/resources/feature_values.csv.

>>> Saving extracted features as a Weka ARFF file: src/test/java/jsymbolic2/processing/resources/feature_values.arff.

>>> Saving extracted features as a CSV file: src/test/java/jsymbolic2/processing/resources/feature_values.csv.

>>> Saving extracted features as a Weka ARFF file: src/test/java/jsymbolic2/processing/resources/feature_values_noxml.arff.

>>> Saving extracted features as a CSV file: src/test/java/jsymbolic2/processing/resources/feature_values_noxml.csv.

>>> Saving extracted features as a Weka ARFF file: src/test/java/jsymbolic2/processing/resources/feature_values.arff.

>>> Saving extracted features as a CSV file: src/test/java/jsymbolic2/processing/resources/feature_values.csv.

]]></system-out>
  <system-err><![CDATA[]]></system-err>
</testsuite>
