<?xml version="1.0" encoding="UTF-8"?>
<testsuite name="jsymbolic2.features.VerticalIntervalWrappedHistogramFeatureTest" tests="1" skipped="0" failures="0" errors="0" timestamp="2025-02-18T17:04:54" hostname="MacBook-Pro-Aleksandr-5.local" time="0.001">
  <properties/>
  <testcase name="extractFeature()" classname="jsymbolic2.features.VerticalIntervalWrappedHistogramFeatureTest" time="0.001"/>
  <system-out><![CDATA[]]></system-out>
  <system-err><![CDATA[]]></system-err>
</testsuite>
