<?xml version="1.0" encoding="UTF-8"?>
<testsuite name="jsymbolic2.features.VerticalOctavesFeatureTest" tests="1" skipped="0" failures="0" errors="0" timestamp="2025-02-18T17:04:55" hostname="MacBook-Pro-Aleksandr-5.local" time="0.0">
  <properties/>
  <testcase name="extractFeature()" classname="jsymbolic2.features.VerticalOctavesFeatureTest" time="0.0"/>
  <system-out><![CDATA[]]></system-out>
  <system-err><![CDATA[]]></system-err>
</testsuite>
