<?xml version="1.0" encoding="UTF-8"?>
<testsuite name="jsymbolic2.configuration.txtimplementation.ConfigurationFileValidatorTxtImplTest" tests="7" skipped="0" failures="0" errors="0" timestamp="2025-02-18T17:04:54" hostname="MacBook-Pro-Aleksandr-5.local" time="0.016">
  <properties/>
  <testcase name="validateFeatureSyntax()" classname="jsymbolic2.configuration.txtimplementation.ConfigurationFileValidatorTxtImplTest" time="0.004"/>
  <testcase name="validateOptionSyntax()" classname="jsymbolic2.configuration.txtimplementation.ConfigurationFileValidatorTxtImplTest" time="0.002"/>
  <testcase name="checkForInvalidInputFiles()" classname="jsymbolic2.configuration.txtimplementation.ConfigurationFileValidatorTxtImplTest" time="0.001"/>
  <testcase name="parseConfigFile()" classname="jsymbolic2.configuration.txtimplementation.ConfigurationFileValidatorTxtImplTest" time="0.002"/>
  <testcase name="validateHeaders()" classname="jsymbolic2.configuration.txtimplementation.ConfigurationFileValidatorTxtImplTest" time="0.001"/>
  <testcase name="checkForInvalidOutputFiles()" classname="jsymbolic2.configuration.txtimplementation.ConfigurationFileValidatorTxtImplTest" time="0.001"/>
  <testcase name="checkConfigFile()" classname="jsymbolic2.configuration.txtimplementation.ConfigurationFileValidatorTxtImplTest" time="0.001"/>
  <system-out><![CDATA[]]></system-out>
  <system-err><![CDATA[]]></system-err>
</testsuite>
